<?xml version="1.0" encoding="UTF-8"?>
<!-- Generated by org.testng.reporters.JUnitXMLReporter -->
<testsuite hostname="LOG-BOM-070" name="Command line test 417ccb30-3eaa-4504-886d-a8fb1b07431d" tests="2" failures="0" timestamp="29 Apr 2021 10:45:24 GMT" time="114.855" errors="0">
  <testcase name="SIGNIN" time="57.769" classname="org.testing.TestScripts.TC1"/>
  <testcase name="Signin" time="42.836" classname="org.testing.TestScripts.TC3"/>
</testsuite> <!-- Command line test 417ccb30-3eaa-4504-886d-a8fb1b07431d -->
