<?xml version="1.0" encoding="UTF-8"?>
<!-- Generated by org.testng.reporters.JUnitXMLReporter -->
<testsuite hostname="LOG-BOM-070" name="Test" tests="10" failures="1" timestamp="15 Apr 2021 17:10:34 GMT" time="584.542" errors="0">
  <testcase name="Signin" time="42.743" classname="org.testing.TestScripts.TC3"/>
  <testcase name="Signin" time="68.219" classname="org.testing.TestScripts.TC4"/>
  <testcase name="Signin" time="77.917" classname="org.testing.TestScripts.TCFail"/>
  <testcase name="SIGNIN" time="48.98" classname="org.testing.TestScripts.TC1"/>
  <testcase name="Signin" time="43.256" classname="org.testing.TestScripts.TC2"/>
  <testcase name="Signin" time="81.224" classname="org.testing.TestScripts.TC7"/>
  <testcase name="Signin" time="53.55" classname="org.testing.TestScripts.TC8"/>
  <testcase name="m0" time="0.001" classname="org.testing.TestScripts.testNG"/>
  <testcase name="Signin" time="62.654" classname="org.testing.TestScripts.TC5">
    <failure type="java.lang.IndexOutOfBoundsException" message="Index: 3, Size: 0">
      <![CDATA[java.lang.IndexOutOfBoundsException: Index: 3, Size: 0
	at java.util.ArrayList.rangeCheck(Unknown Source)
	at java.util.ArrayList.get(Unknown Source)
	at org.testing.TestScripts.TC5.Signin(TC5.java:62)
... Removed 24 stack frames]]>
    </failure>
  </testcase> <!-- Signin -->
  <testcase name="login" time="37.479" classname="org.testing.TestScripts.TC6"/>
</testsuite> <!-- Test -->
