<?xml version="1.0" encoding="UTF-8"?>
<testng-results skipped="0" failed="0" total="1" passed="1">
  <reporter-output>
  </reporter-output>
  <suite name="Default suite" duration-ms="52127" started-at="2021-05-01T12:09:31Z" finished-at="2021-05-01T12:10:24Z">
    <groups>
    </groups>
    <test name="Default test" duration-ms="52127" started-at="2021-05-01T12:09:31Z" finished-at="2021-05-01T12:10:24Z">
      <class name="org.testing.TestScripts.TC3">
        <test-method status="PASS" signature="Browseropening()[pri:0, instance:org.testing.TestScripts.TC3@192b07fd]" name="Browseropening" is-config="true" duration-ms="7226" started-at="2021-05-01T17:39:31Z" finished-at="2021-05-01T17:39:39Z">
          <reporter-output>
          </reporter-output>
        </test-method> <!-- Browseropening -->
        <test-method status="PASS" signature="Signin()[pri:0, instance:org.testing.TestScripts.TC3@192b07fd]" name="Signin" duration-ms="44612" started-at="2021-05-01T17:39:39Z" finished-at="2021-05-01T17:40:23Z">
          <reporter-output>
          </reporter-output>
        </test-method> <!-- Signin -->
        <test-method status="PASS" signature="browserclose()[pri:0, instance:org.testing.TestScripts.TC3@192b07fd]" name="browserclose" is-config="true" duration-ms="272" started-at="2021-05-01T17:40:23Z" finished-at="2021-05-01T17:40:24Z">
          <reporter-output>
          </reporter-output>
        </test-method> <!-- browserclose -->
      </class> <!-- org.testing.TestScripts.TC3 -->
    </test> <!-- Default test -->
  </suite> <!-- Default suite -->
</testng-results>
